To honour the JVM settings for this build a single-use Daemon process will be forked. For more on this, please refer to https://docs.gradle.org/8.7/userguide/gradle_daemon.html#sec:disabling_the_daemon in the Gradle documentation.
Daemon will be stopped at the end of the build 

> Configure project :
Build was configured to prefer settings repositories over project repositories but repository 'MavenLocal' was added by build file 'build.gradle.kts'
Build was configured to prefer settings repositories over project repositories but repository 'maven' was added by build file 'build.gradle.kts'
Build was configured to prefer settings repositories over project repositories but repository 'maven2' was added by build file 'build.gradle.kts'
Build was configured to prefer settings repositories over project repositories but repository 'maven3' was added by build file 'build.gradle.kts'
Build was configured to prefer settings repositories over project repositories but repository 'MavenLocal' was added by build file 'build.gradle.kts'
Build was configured to prefer settings repositories over project repositories but repository 'maven' was added by build file 'build.gradle.kts'
Build was configured to prefer settings repositories over project repositories but repository 'maven2' was added by build file 'build.gradle.kts'
Build was configured to prefer settings repositories over project repositories but repository 'maven3' was added by build file 'build.gradle.kts'

> Configure project :app
WARNING: The option setting 'android.dependency.useConstraints=false' is experimental.
The current default is 'true'.
WARNING: The option setting 'android.jetifier.ignorelist=bcprov-jdk15on' is experimental.
WARNING: We recommend using a newer Android Gradle plugin to use compileSdk = 36

This Android Gradle plugin (8.6.0) was tested up to compileSdk = 35.

You are strongly encouraged to update your project to use a newer
Android Gradle plugin that has been tested with compileSdk = 36.

If you are already using the latest version of the Android Gradle plugin,
you may need to wait until a newer version with support for compileSdk = 36 is available.

For more information refer to the compatibility table:
https://d.android.com/r/tools/api-level-support

To suppress this warning, add/update
    android.suppressUnsupportedCompileSdk=36
to this project's gradle.properties.

> Task :app:checkKotlinGradlePluginConfigurationErrors SKIPPED
> Task :app:checkReleaseClasspath SKIPPED
> Task :app:preBuild UP-TO-DATE
> Task :app:preReleaseBuild UP-TO-DATE
> Task :app:generateReleaseBuildConfig UP-TO-DATE
> Task :app:checkReleaseAarMetadata UP-TO-DATE
> Task :app:generateReleaseResValues UP-TO-DATE
> Task :app:mapReleaseSourceSetPaths UP-TO-DATE
> Task :app:generateReleaseResources UP-TO-DATE
> Task :app:mergeReleaseResources UP-TO-DATE
> Task :app:packageReleaseResources UP-TO-DATE
> Task :app:parseReleaseLocalResources UP-TO-DATE
> Task :app:createReleaseCompatibleScreenManifests UP-TO-DATE
> Task :app:extractDeepLinksRelease UP-TO-DATE
> Task :app:processReleaseMainManifest UP-TO-DATE
> Task :app:processReleaseManifest UP-TO-DATE
> Task :app:processReleaseManifestForPackage UP-TO-DATE
> Task :app:processReleaseResources UP-TO-DATE
> Task :app:kaptGenerateStubsReleaseKotlin UP-TO-DATE
> Task :app:kaptReleaseKotlin UP-TO-DATE
> Task :app:compileReleaseKotlin UP-TO-DATE
> Task :app:buildKotlinToolingMetadata UP-TO-DATE
> Task :app:javaPreCompileRelease UP-TO-DATE
> Task :app:compileReleaseJavaWithJavac UP-TO-DATE
> Task :app:extractProguardFiles UP-TO-DATE
> Task :app:hiltAggregateDepsRelease UP-TO-DATE
> Task :app:hiltJavaCompileRelease UP-TO-DATE
> Task :app:generateReleaseLintVitalReportModel UP-TO-DATE
> Task :app:lintVitalAnalyzeRelease UP-TO-DATE
> Task :app:lintVitalReportRelease UP-TO-DATE
> Task :app:lintVitalRelease
> Task :app:mergeReleaseJniLibFolders UP-TO-DATE
> Task :app:mergeReleaseNativeLibs UP-TO-DATE
> Task :app:stripReleaseDebugSymbols UP-TO-DATE
> Task :app:extractReleaseNativeSymbolTables UP-TO-DATE
> Task :app:mergeReleaseNativeDebugMetadata NO-SOURCE
> Task :app:checkReleaseDuplicateClasses UP-TO-DATE
> Task :app:mergeReleaseArtProfile UP-TO-DATE
> Task :app:transformReleaseClassesWithAsm UP-TO-DATE
> Task :app:expandReleaseArtProfileWildcards UP-TO-DATE
> Task :app:mergeReleaseGeneratedProguardFiles UP-TO-DATE
> Task :app:processReleaseJavaRes UP-TO-DATE
> Task :app:mergeReleaseJavaResource UP-TO-DATE
> Task :app:mergeReleaseStartupProfile UP-TO-DATE
> Task :app:minifyReleaseWithR8

The Daemon will expire after the build after running out of JVM heap space.
The project memory settings are likely not configured or are configured to an insufficient value.
The daemon will restart for the next build, which may increase subsequent build times.
These settings can be adjusted by setting 'org.gradle.jvmargs' in 'gradle.properties'.
The currently configured max heap space is '512 MiB' and the configured max metaspace is 'unknown'.
For more information on how to set these values, please refer to https://docs.gradle.org/8.7/userguide/build_environment.html#sec:configuring_jvm_memory in the Gradle documentation.
To disable this warning, set 'org.gradle.daemon.performance.disable-logging=true'.

> Task :app:minifyReleaseWithR8
ERROR: R8: java.lang.OutOfMemoryError: Java heap space

> Task :app:minifyReleaseWithR8 FAILED

FAILURE: Build failed with an exception.

* What went wrong:
Execution failed for task ':app:minifyReleaseWithR8'.
> A failure occurred while executing com.android.build.gradle.internal.tasks.R8Task$R8Runnable
   > Compilation failed to complete

* Try:
> Run with --stacktrace option to get the stack trace.
> Run with --info or --debug option to get more log output.
> Run with --scan to get full insights.
> Get more help at https://help.gradle.org.

BUILD FAILED in 2m 2s
40 actionable tasks: 2 executed, 38 up-to-date
